This file contains any messages produced by compilers while
running configure, to aid debugging if configure makes a mistake.

It was created by KLEE configure 0.01, which was
generated by GNU Autoconf 2.69.  Invocation command line was

  $ ./configure --with-llvm=/home/bo/KleeWorkspace/llvm-3.5 --with-stp=/home/bo/KleeWorkspace/stp-stp-614848b/build

## --------- ##
## Platform. ##
## --------- ##

hostname = Ubuntu
uname -m = x86_64
uname -r = 3.13.0-39-generic
uname -s = Linux
uname -v = #66-Ubuntu SMP Tue Oct 28 13:30:27 UTC 2014

/usr/bin/uname -p = unknown
/bin/uname -X     = unknown

/bin/arch              = unknown
/usr/bin/arch -k       = unknown
/usr/convex/getsysinfo = unknown
/usr/bin/hostinfo      = unknown
/bin/machine           = unknown
/usr/bin/oslevel       = unknown
/bin/universe          = unknown

PATH: /usr/include
PATH: /usr/include/x86_64-linux-gnu
PATH: /home/bo/Tools/llvm-gcc4.2-2.9-x86_64-linux/bin
PATH: /usr/local/sbin
PATH: /usr/local/bin
PATH: /usr/sbin
PATH: /usr/bin
PATH: /sbin
PATH: /bin
PATH: /usr/games
PATH: /usr/local/games


## ----------- ##
## Core tests. ##
## ----------- ##

configure:2407: checking build system type
configure:2421: result: x86_64-unknown-linux-gnu
configure:2441: checking host system type
configure:2454: result: x86_64-unknown-linux-gnu
configure:2474: checking target system type
configure:2487: result: x86_64-unknown-linux-gnu
configure:2514: checking type of operating system we're going to host on
configure:2526: result: 
configure:2537: checking llvm source dir
configure:2569: error: invalid llvmsrc directory: /home/bo/KleeWorkspace/llvm-3.5

## ---------------- ##
## Cache variables. ##
## ---------------- ##

ac_cv_build=x86_64-unknown-linux-gnu
ac_cv_env_CCC_set=
ac_cv_env_CCC_value=
ac_cv_env_CC_set=
ac_cv_env_CC_value=
ac_cv_env_CFLAGS_set=
ac_cv_env_CFLAGS_value=
ac_cv_env_CPPFLAGS_set=
ac_cv_env_CPPFLAGS_value=
ac_cv_env_CPP_set=
ac_cv_env_CPP_value=
ac_cv_env_CXXCPP_set=
ac_cv_env_CXXCPP_value=
ac_cv_env_CXXFLAGS_set=
ac_cv_env_CXXFLAGS_value=
ac_cv_env_CXX_set=
ac_cv_env_CXX_value=
ac_cv_env_LDFLAGS_set=
ac_cv_env_LDFLAGS_value=
ac_cv_env_LIBS_set=
ac_cv_env_LIBS_value=
ac_cv_env_build_alias_set=
ac_cv_env_build_alias_value=
ac_cv_env_host_alias_set=
ac_cv_env_host_alias_value=
ac_cv_env_target_alias_set=
ac_cv_env_target_alias_value=
ac_cv_host=x86_64-unknown-linux-gnu
ac_cv_target=x86_64-unknown-linux-gnu

## ----------------- ##
## Output variables. ##
## ----------------- ##

CC=''
CFLAGS=''
CPP=''
CPPFLAGS=''
CXX=''
CXXCPP=''
CXXFLAGS=''
DEFS=''
ECHO_C=''
ECHO_N='-n'
ECHO_T=''
EGREP=''
ENABLE_METASMT=''
ENABLE_POSIX_RUNTIME=''
ENABLE_UCLIBC=''
EXEEXT=''
GREP=''
HAVE_SELINUX=''
KLEE_BITCODE_CXX_COMPILER=''
KLEE_BITCODE_C_COMPILER=''
KLEE_UCLIBC_BCA=''
LDFLAGS=''
LIBOBJS=''
LIBS=''
LLVM_BUILD_MODE=''
LLVM_IS_RELEASE=''
LLVM_OBJ=''
LLVM_SRC=''
LLVM_VERSION_MAJOR=''
LLVM_VERSION_MINOR=''
LTLIBOBJS=''
METASMT_ROOT=''
OBJEXT=''
PACKAGE_BUGREPORT='daniel@minormatter.com'
PACKAGE_NAME='KLEE'
PACKAGE_STRING='KLEE 0.01'
PACKAGE_TARNAME='-klee-'
PACKAGE_URL=''
PACKAGE_VERSION='0.01'
PATH_SEPARATOR=':'
REQUIRES_RTTI=''
RUNTIME_CONFIGURATION=''
RUNTIME_DEBUG_SYMBOLS=''
RUNTIME_DISABLE_ASSERTIONS=''
RUNTIME_ENABLE_OPTIMIZED=''
SHELL='/bin/bash'
STP_NEEDS_BOOST=''
STP_ROOT=''
UPSTREAM_STP_LINK_FLAGS=''
ac_ct_CC=''
ac_ct_CXX=''
bindir='${exec_prefix}/bin'
build='x86_64-unknown-linux-gnu'
build_alias=''
build_cpu='x86_64'
build_os='linux-gnu'
build_vendor='unknown'
clang=''
clang_cxx=''
datadir='${datarootdir}'
datarootdir='${prefix}/share'
docdir='${datarootdir}/doc/${PACKAGE_TARNAME}'
dvidir='${docdir}'
exec_prefix='NONE'
host='x86_64-unknown-linux-gnu'
host_alias=''
host_cpu='x86_64'
host_os='linux-gnu'
host_vendor='unknown'
htmldir='${docdir}'
includedir='${prefix}/include'
infodir='${datarootdir}/info'
libdir='${exec_prefix}/lib'
libexecdir='${exec_prefix}/libexec'
llvm_gcc=''
llvm_gxx=''
localedir='${datarootdir}/locale'
localstatedir='${prefix}/var'
mandir='${datarootdir}/man'
oldincludedir='/usr/include'
pdfdir='${docdir}'
prefix='NONE'
program_transform_name='s,x,x,'
psdir='${docdir}'
sbindir='${exec_prefix}/sbin'
sharedstatedir='${prefix}/com'
sysconfdir='${prefix}/etc'
target='x86_64-unknown-linux-gnu'
target_alias=''
target_cpu='x86_64'
target_os='linux-gnu'
target_vendor='unknown'

## ----------- ##
## confdefs.h. ##
## ----------- ##

/* confdefs.h */
#define PACKAGE_NAME "KLEE"
#define PACKAGE_TARNAME "-klee-"
#define PACKAGE_VERSION "0.01"
#define PACKAGE_STRING "KLEE 0.01"
#define PACKAGE_BUGREPORT "daniel@minormatter.com"
#define PACKAGE_URL ""

configure: exit 1
